<?xml version="1.0" encoding="UTF-8" standalone="no"?>
<testsuite errors="0" failures="1" name="io.cucumber.core.plugin.JUnitFormatter" skipped="0" tests="3" time="72.659">
    <testcase classname="US1001 Kullanici Amazon Sayfasinda Arama Yapar" name="TC01 kullanici amazonda Nutella aratir" time="31.001">
        <system-out>
            <![CDATA[Given kullanici amazon anasayfasinda........................................passed
Then kullanici Nutella icin arama yapar.....................................passed
And kullanici sonuclarin Nutella icerdigini test eder.......................passed
And kullanici sayfayi kapatir...............................................passed
]]>
        </system-out>
    </testcase>
    <testcase classname="US1002 Kullanici ortak adimlari Backrgound ile calistirir" name="TC05 amazon java arama" time="18.776">
        <system-out>
            <![CDATA[Given kullanici amazon anasayfasinda........................................passed
Then kullanici Java icin arama yapar........................................passed
Then kullanici Java icerdigini test eder....................................passed
And kullanici sayfayi kapatir...............................................passed
]]>
        </system-out>
    </testcase>
    <testcase classname="US1003 kullanici paremetre kullanarak arama yapabilmeli" name="TC06 kullanici parametre ile amazonda arama yapabilmeli" time="22.134">
        <failure message="" type="java.lang.AssertionError">
            <![CDATA[And kullanici amazon anasayfasinda..........................................passed
And kullanici "Java" icin arama yapar.......................................passed
And kullanici sonuclarin "hava" icerdigini test eder........................failed
Then kullanici sayfayi kapatir..............................................skipped

StackTrace:
java.lang.AssertionError
	at org.junit.Assert.fail(Assert.java:87)
	at org.junit.Assert.assertTrue(Assert.java:42)
	at org.junit.Assert.assertTrue(Assert.java:53)
	at stepdefinitions.US1001_amazonStepdefinitons.kullanici_sonuclarin_icerdigini_test_eder(US1001_amazonStepdefinitons.java:72)
	at âœ½.kullanici sonuclarin "hava" icerdigini test eder(file:///C:/Projects/com.cucumber_Bulutluoz/src/test/resources/features/US1003_parametreKullanimi.feature:9)
]]>
        </failure>
    </testcase>
</testsuite>
